{
    "latency": 0.002976,
    "cumulative_rows_scanned": 4802551,
    "cumulative_cardinality": 2636,
    "extra_info": {},
    "cpu_time": 0.007297,
    "blocked_thread_time": 0.0,
    "result_set_size": 0,
    "query_name": "SELECT sum(LO_REVENUE), D_YEAR, P_BRAND FROM lineorder, date, part, supplier WHERE LO_ORDERDATE = D_DATEKEY AND LO_PARTKEY = P_PARTKEY AND LO_SUPPKEY = S_SUPPKEY AND P_CATEGORY = 'MFGR#12' AND S_REGION = 'AMERICA' GROUP BY D_YEAR, P_BRAND ORDER BY D_YEAR, P_BRAND;",
    "rows_returned": 0,
    "children": [
        {
            "operator_timing": 0.0,
            "operator_rows_scanned": 0,
            "cumulative_rows_scanned": 4802551,
            "operator_cardinality": 0,
            "operator_type": "PROJECTION",
            "cumulative_cardinality": 2636,
            "extra_info": {
                "Projections": [
                    "#0",
                    "__internal_decompress_integral_integer(#1, 1992)",
                    "__internal_decompress_string(#2)"
                ],
                "Estimated Cardinality": "52"
            },
            "result_set_size": 0,
            "cpu_time": 0.007297,
            "children": [
                {
                    "result_set_size": 0,
                    "cpu_time": 0.007297,
                    "extra_info": {
                        "Order By": [
                            "date.D_YEAR ASC",
                            "part.P_BRAND ASC"
                        ]
                    },
                    "cumulative_cardinality": 2636,
                    "operator_type": "ORDER_BY",
                    "operator_cardinality": 0,
                    "cumulative_rows_scanned": 4802551,
                    "operator_rows_scanned": 0,
                    "operator_timing": 0.0,
                    "children": [
                        {
                            "operator_timing": 0.0,
                            "operator_rows_scanned": 0,
                            "cumulative_rows_scanned": 4802551,
                            "operator_cardinality": 0,
                            "operator_type": "PROJECTION",
                            "cumulative_cardinality": 2636,
                            "extra_info": {
                                "Projections": [
                                    "#0",
                                    "__internal_compress_integral_utinyint(#1, 1992)",
                                    "__internal_compress_string_hugeint(#2)"
                                ],
                                "Estimated Cardinality": "52"
                            },
                            "result_set_size": 0,
                            "cpu_time": 0.007297,
                            "children": [
                                {
                                    "result_set_size": 0,
                                    "cpu_time": 0.007297,
                                    "extra_info": {
                                        "Projections": [
                                            "sum(LO_REVENUE)",
                                            "D_YEAR",
                                            "P_BRAND"
                                        ],
                                        "Estimated Cardinality": "52"
                                    },
                                    "cumulative_cardinality": 2636,
                                    "operator_type": "PROJECTION",
                                    "operator_cardinality": 0,
                                    "cumulative_rows_scanned": 4802551,
                                    "operator_rows_scanned": 0,
                                    "operator_timing": 0.0,
                                    "children": [
                                        {
                                            "operator_timing": 0.0,
                                            "operator_rows_scanned": 0,
                                            "cumulative_rows_scanned": 4802551,
                                            "operator_cardinality": 0,
                                            "operator_type": "PROJECTION",
                                            "cumulative_cardinality": 2636,
                                            "extra_info": {
                                                "Projections": [
                                                    "__internal_decompress_integral_integer(#0, 1992)",
                                                    "__internal_decompress_string(#1)",
                                                    "#2"
                                                ],
                                                "Estimated Cardinality": "52"
                                            },
                                            "result_set_size": 0,
                                            "cpu_time": 0.007297,
                                            "children": [
                                                {
                                                    "result_set_size": 0,
                                                    "cpu_time": 0.007297,
                                                    "extra_info": {
                                                        "Groups": [
                                                            "#0",
                                                            "#1"
                                                        ],
                                                        "Aggregates": "sum(#2)",
                                                        "Estimated Cardinality": "52"
                                                    },
                                                    "cumulative_cardinality": 2636,
                                                    "operator_type": "HASH_GROUP_BY",
                                                    "operator_cardinality": 0,
                                                    "cumulative_rows_scanned": 4802551,
                                                    "operator_rows_scanned": 0,
                                                    "operator_timing": 0.0,
                                                    "children": [
                                                        {
                                                            "operator_timing": 0.0,
                                                            "operator_rows_scanned": 0,
                                                            "cumulative_rows_scanned": 4802551,
                                                            "operator_cardinality": 0,
                                                            "operator_type": "PROJECTION",
                                                            "cumulative_cardinality": 2636,
                                                            "extra_info": {
                                                                "Projections": [
                                                                    "D_YEAR",
                                                                    "P_BRAND",
                                                                    "LO_REVENUE"
                                                                ],
                                                                "Estimated Cardinality": "104"
                                                            },
                                                            "result_set_size": 0,
                                                            "cpu_time": 0.007297,
                                                            "children": [
                                                                {
                                                                    "result_set_size": 0,
                                                                    "cpu_time": 0.007297,
                                                                    "extra_info": {
                                                                        "Projections": [
                                                                            "__internal_compress_string_hugeint(#0)",
                                                                            "__internal_compress_integral_utinyint(#1, 1992)",
                                                                            "__internal_compress_string_hugeint(#2)",
                                                                            "__internal_compress_string_hugeint(#3)",
                                                                            "#4"
                                                                        ],
                                                                        "Estimated Cardinality": "104"
                                                                    },
                                                                    "cumulative_cardinality": 2636,
                                                                    "operator_type": "PROJECTION",
                                                                    "operator_cardinality": 0,
                                                                    "cumulative_rows_scanned": 4802551,
                                                                    "operator_rows_scanned": 0,
                                                                    "operator_timing": 0.0,
                                                                    "children": [
                                                                        {
                                                                            "operator_timing": 0.0000049999999999999996,
                                                                            "operator_rows_scanned": 0,
                                                                            "cumulative_rows_scanned": 4802551,
                                                                            "operator_cardinality": 0,
                                                                            "operator_type": "HASH_JOIN",
                                                                            "cumulative_cardinality": 2636,
                                                                            "extra_info": {
                                                                                "Join Type": "INNER",
                                                                                "Conditions": "D_DATEKEY = LO_ORDERDATE",
                                                                                "Estimated Cardinality": "104"
                                                                            },
                                                                            "result_set_size": 0,
                                                                            "cpu_time": 0.007297,
                                                                            "children": [
                                                                                {
                                                                                    "result_set_size": 40960,
                                                                                    "cpu_time": 0.000013,
                                                                                    "extra_info": {
                                                                                        "Text": "date",
                                                                                        "Projections": [
                                                                                            "D_DATEKEY",
                                                                                            "D_YEAR"
                                                                                        ],
                                                                                        "Estimated Cardinality": "2555"
                                                                                    },
                                                                                    "cumulative_cardinality": 2048,
                                                                                    "operator_type": "TABLE_SCAN",
                                                                                    "operator_cardinality": 2048,
                                                                                    "cumulative_rows_scanned": 2555,
                                                                                    "operator_rows_scanned": 2555,
                                                                                    "operator_timing": 0.000013,
                                                                                    "children": []
                                                                                },
                                                                                {
                                                                                    "result_set_size": 0,
                                                                                    "cpu_time": 0.007279,
                                                                                    "extra_info": {
                                                                                        "Join Type": "INNER",
                                                                                        "Conditions": "P_PARTKEY = LO_PARTKEY",
                                                                                        "Build Min": "2",
                                                                                        "Build Max": "800000",
                                                                                        "Estimated Cardinality": "104"
                                                                                    },
                                                                                    "cumulative_cardinality": 588,
                                                                                    "operator_type": "HASH_JOIN",
                                                                                    "operator_cardinality": 0,
                                                                                    "cumulative_rows_scanned": 4799996,
                                                                                    "operator_rows_scanned": 0,
                                                                                    "operator_timing": 0.000027000000000000002,
                                                                                    "children": [
                                                                                        {
                                                                                            "operator_timing": 0.000008,
                                                                                            "operator_rows_scanned": 0,
                                                                                            "cumulative_rows_scanned": 4799996,
                                                                                            "operator_cardinality": 294,
                                                                                            "operator_type": "FILTER",
                                                                                            "cumulative_cardinality": 588,
                                                                                            "extra_info": {
                                                                                                "Expression": "(P_PARTKEY <= 800000)",
                                                                                                "Estimated Cardinality": "40000"
                                                                                            },
                                                                                            "result_set_size": 5880,
                                                                                            "cpu_time": 0.007252,
                                                                                            "children": [
                                                                                                {
                                                                                                    "result_set_size": 5880,
                                                                                                    "cpu_time": 0.007244,
                                                                                                    "extra_info": {
                                                                                                        "Text": "part",
                                                                                                        "Projections": [
                                                                                                            "P_PARTKEY",
                                                                                                            "P_BRAND"
                                                                                                        ],
                                                                                                        "Filters": "P_CATEGORY='MFGR#12' AND P_CATEGORY IS NOT NULL",
                                                                                                        "Estimated Cardinality": "40000"
                                                                                                    },
                                                                                                    "cumulative_cardinality": 294,
                                                                                                    "operator_type": "TABLE_SCAN",
                                                                                                    "operator_cardinality": 294,
                                                                                                    "cumulative_rows_scanned": 4799996,
                                                                                                    "operator_rows_scanned": 4799996,
                                                                                                    "operator_timing": 0.007244,
                                                                                                    "children": []
                                                                                                }
                                                                                            ]
                                                                                        },
                                                                                        {
                                                                                            "operator_timing": 0.0,
                                                                                            "operator_rows_scanned": 0,
                                                                                            "cumulative_rows_scanned": 0,
                                                                                            "operator_cardinality": 0,
                                                                                            "operator_type": "PROJECTION",
                                                                                            "cumulative_cardinality": 0,
                                                                                            "extra_info": {
                                                                                                "Projections": [
                                                                                                    "#0",
                                                                                                    "#1",
                                                                                                    "#3"
                                                                                                ],
                                                                                                "Estimated Cardinality": "0"
                                                                                            },
                                                                                            "result_set_size": 0,
                                                                                            "cpu_time": 0.0,
                                                                                            "children": [
                                                                                                {
                                                                                                    "result_set_size": 0,
                                                                                                    "cpu_time": 0.0,
                                                                                                    "extra_info": {
                                                                                                        "Expression": "(LO_PARTKEY >= 2)",
                                                                                                        "Estimated Cardinality": "0"
                                                                                                    },
                                                                                                    "cumulative_cardinality": 0,
                                                                                                    "operator_type": "FILTER",
                                                                                                    "operator_cardinality": 0,
                                                                                                    "cumulative_rows_scanned": 0,
                                                                                                    "operator_rows_scanned": 0,
                                                                                                    "operator_timing": 0.0,
                                                                                                    "children": [
                                                                                                        {
                                                                                                            "operator_timing": 0.0,
                                                                                                            "operator_rows_scanned": 0,
                                                                                                            "cumulative_rows_scanned": 0,
                                                                                                            "operator_cardinality": 0,
                                                                                                            "operator_type": "EMPTY_RESULT",
                                                                                                            "cumulative_cardinality": 0,
                                                                                                            "extra_info": {},
                                                                                                            "result_set_size": 0,
                                                                                                            "cpu_time": 0.0,
                                                                                                            "children": []
                                                                                                        }
                                                                                                    ]
                                                                                                }
                                                                                            ]
                                                                                        }
                                                                                    ]
                                                                                }
                                                                            ]
                                                                        }
                                                                    ]
                                                                }
                                                            ]
                                                        }
                                                    ]
                                                }
                                            ]
                                        }
                                    ]
                                }
                            ]
                        }
                    ]
                }
            ]
        }
    ]
}